<?xml version="1.0" encoding="UTF-8"?>
<testsuite name="edu.osu.cs362.Die_ESTest" time="0.172" tests="19" errors="19" skipped="0" failures="0">
  <properties>
    <property name="java.runtime.name" value="Java(TM) SE Runtime Environment"/>
    <property name="sun.boot.library.path" value="C:\Program Files\Java\jdk1.8.0_121\jre\bin"/>
    <property name="java.vm.version" value="25.121-b13"/>
    <property name="cores" value="2"/>
    <property name="java.vm.vendor" value="Oracle Corporation"/>
    <property name="maven.multiModuleProjectDirectory" value="C:\C stuff\java_stuff\hw1"/>
    <property name="java.vendor.url" value="http://java.oracle.com/"/>
    <property name="path.separator" value=";"/>
    <property name="guice.disable.misplaced.annotation.check" value="true"/>
    <property name="java.vm.name" value="Java HotSpot(TM) 64-Bit Server VM"/>
    <property name="file.encoding.pkg" value="sun.io"/>
    <property name="user.script" value=""/>
    <property name="user.country" value="US"/>
    <property name="sun.java.launcher" value="SUN_STANDARD"/>
    <property name="sun.os.patch.level" value=""/>
    <property name="java.vm.specification.name" value="Java Virtual Machine Specification"/>
    <property name="user.dir" value="C:\C stuff\java_stuff\hw1"/>
    <property name="java.runtime.version" value="1.8.0_121-b13"/>
    <property name="java.awt.graphicsenv" value="sun.awt.Win32GraphicsEnvironment"/>
    <property name="java.endorsed.dirs" value="C:\Program Files\Java\jdk1.8.0_121\jre\lib\endorsed"/>
    <property name="os.arch" value="amd64"/>
    <property name="java.io.tmpdir" value="C:\Users\Samuel\AppData\Local\Temp\"/>
    <property name="line.separator" value="&#10;"/>
    <property name="java.vm.specification.vendor" value="Oracle Corporation"/>
    <property name="user.variant" value=""/>
    <property name="os.name" value="Windows 10"/>
    <property name="classworlds.conf" value="C:\Program Files (x86)\Maven\apache-maven-3.5.0\bin\..\bin\m2.conf"/>
    <property name="sun.jnu.encoding" value="MS932"/>
    <property name="java.library.path" value="C:\Program Files\Java\jdk1.8.0_121\bin;C:\WINDOWS\Sun\Java\bin;C:\WINDOWS\system32;C:\WINDOWS;C:\ProgramData\Oracle\Java\javapath;C:\Program Files (x86)\NVIDIA Corporation\PhysX\Common;C:\Program Files (x86)\Common Files\Intel\Shared Libraries\redist\ia32\mpirt;C:\Program Files (x86)\Common Files\Intel\Shared Libraries\redist\ia32\compiler;C:\Program Files (x86)\Intel\iCLS Client\;C:\Program Files\Intel\iCLS Client\;C:\WINDOWS\system32;C:\WINDOWS;C:\WINDOWS\System32\Wbem;C:\WINDOWS\System32\WindowsPowerShell\v1.0\;C:\Program Files\Intel\Intel(R) Management Engine Components\DAL;C:\Program Files\Intel\Intel(R) Management Engine Components\IPT;C:\Program Files (x86)\Intel\Intel(R) Management Engine Components\DAL;C:\Program Files (x86)\Intel\Intel(R) Management Engine Components\IPT;C:\WINDOWS\system32;C:\WINDOWS;C:\WINDOWS\System32\Wbem;C:\WINDOWS\System32\WindowsPowerShell\v1.0\;C:\TDM-GCC-64\bin;C:\Program Files (x86)\Skype\Phone\;C:\Program Files (x86)\Maven\apache-maven-3.5.0\bin;C:\Users\Samuel\AppData\Local\Microsoft\WindowsApps;;."/>
    <property name="maven.conf" value="C:\Program Files (x86)\Maven\apache-maven-3.5.0\bin\../conf"/>
    <property name="java.specification.name" value="Java Platform API Specification"/>
    <property name="java.class.version" value="52.0"/>
    <property name="sun.management.compiler" value="HotSpot 64-Bit Tiered Compilers"/>
    <property name="os.version" value="10.0"/>
    <property name="library.jansi.path" value="C:\Program Files (x86)\Maven\apache-maven-3.5.0\bin\..\lib\jansi-native\windows64"/>
    <property name="user.home" value="C:\Users\Samuel"/>
    <property name="user.timezone" value="America/Los_Angeles"/>
    <property name="java.awt.printerjob" value="sun.awt.windows.WPrinterJob"/>
    <property name="memoryInMB" value="2000"/>
    <property name="java.specification.version" value="1.8"/>
    <property name="file.encoding" value="MS932"/>
    <property name="user.name" value="Samuel"/>
    <property name="java.class.path" value="C:\Program Files (x86)\Maven\apache-maven-3.5.0\bin\..\boot\plexus-classworlds-2.5.2.jar"/>
    <property name="java.vm.specification.version" value="1.8"/>
    <property name="sun.arch.data.model" value="64"/>
    <property name="java.home" value="C:\Program Files\Java\jdk1.8.0_121\jre"/>
    <property name="sun.java.command" value="org.codehaus.plexus.classworlds.launcher.Launcher -DmemoryInMB=2000 -Dcores=2 evosuite:generate evosuite:export test"/>
    <property name="java.specification.vendor" value="Oracle Corporation"/>
    <property name="user.language" value="en"/>
    <property name="awt.toolkit" value="sun.awt.windows.WToolkit"/>
    <property name="java.vm.info" value="mixed mode"/>
    <property name="java.version" value="1.8.0_121"/>
    <property name="java.ext.dirs" value="C:\Program Files\Java\jdk1.8.0_121\jre\lib\ext;C:\WINDOWS\Sun\Java\lib\ext"/>
    <property name="sun.boot.class.path" value="C:\Program Files\Java\jdk1.8.0_121\jre\lib\resources.jar;C:\Program Files\Java\jdk1.8.0_121\jre\lib\rt.jar;C:\Program Files\Java\jdk1.8.0_121\jre\lib\sunrsasign.jar;C:\Program Files\Java\jdk1.8.0_121\jre\lib\jsse.jar;C:\Program Files\Java\jdk1.8.0_121\jre\lib\jce.jar;C:\Program Files\Java\jdk1.8.0_121\jre\lib\charsets.jar;C:\Program Files\Java\jdk1.8.0_121\jre\lib\jfr.jar;C:\Program Files\Java\jdk1.8.0_121\jre\classes"/>
    <property name="sun.stderr.encoding" value="ms932"/>
    <property name="java.vendor" value="Oracle Corporation"/>
    <property name="maven.home" value="C:\Program Files (x86)\Maven\apache-maven-3.5.0\bin\.."/>
    <property name="file.separator" value="\"/>
    <property name="java.vendor.url.bug" value="http://bugreport.sun.com/bugreport/"/>
    <property name="sun.cpu.endian" value="little"/>
    <property name="sun.io.unicode.encoding" value="UnicodeLittle"/>
    <property name="sun.stdout.encoding" value="ms932"/>
    <property name="sun.desktop" value="windows"/>
    <property name="sun.cpu.isalist" value="amd64"/>
  </properties>
  <testcase name="test06" classname="edu.osu.cs362.Die_ESTest" time="0.032">
    <error message="edu/osu/cs362/Die" type="java.lang.NoClassDefFoundError">java.lang.NoClassDefFoundError: edu/osu/cs362/Die
	at java.lang.ClassLoader.defineClass1(Native Method)
	at java.lang.ClassLoader.defineClass(ClassLoader.java:763)
	at java.lang.ClassLoader.defineClass(ClassLoader.java:642)
	at org.evosuite.runtime.instrumentation.EvoClassLoader.instrumentClass(EvoClassLoader.java:116)
	at org.evosuite.runtime.instrumentation.EvoClassLoader.loadClass(EvoClassLoader.java:92)
	at edu.osu.cs362.Die_ESTest.test06(Die_ESTest.java:79)
</error>
  </testcase>
  <testcase name="test17" classname="edu.osu.cs362.Die_ESTest" time="0">
    <error message="edu/osu/cs362/Die" type="java.lang.NoClassDefFoundError">java.lang.NoClassDefFoundError: edu/osu/cs362/Die
	at edu.osu.cs362.Die_ESTest.test17(Die_ESTest.java:193)
</error>
  </testcase>
  <testcase name="test07" classname="edu.osu.cs362.Die_ESTest" time="0.015">
    <error message="edu/osu/cs362/Die" type="java.lang.NoClassDefFoundError">java.lang.NoClassDefFoundError: edu/osu/cs362/Die
	at edu.osu.cs362.Die_ESTest.test07(Die_ESTest.java:86)
</error>
  </testcase>
  <testcase name="test18" classname="edu.osu.cs362.Die_ESTest" time="0.016">
    <error message="edu/osu/cs362/Die" type="java.lang.NoClassDefFoundError">java.lang.NoClassDefFoundError: edu/osu/cs362/Die
	at edu.osu.cs362.Die_ESTest.test18(Die_ESTest.java:205)
</error>
  </testcase>
  <testcase name="test08" classname="edu.osu.cs362.Die_ESTest" time="0">
    <error message="edu/osu/cs362/Die" type="java.lang.NoClassDefFoundError">java.lang.NoClassDefFoundError: edu/osu/cs362/Die
	at edu.osu.cs362.Die_ESTest.test08(Die_ESTest.java:93)
</error>
  </testcase>
  <testcase name="test09" classname="edu.osu.cs362.Die_ESTest" time="0.016">
    <error message="edu/osu/cs362/Die" type="java.lang.NoClassDefFoundError">java.lang.NoClassDefFoundError: edu/osu/cs362/Die
	at edu.osu.cs362.Die_ESTest.test09(Die_ESTest.java:102)
</error>
  </testcase>
  <testcase name="test02" classname="edu.osu.cs362.Die_ESTest" time="0.015">
    <error message="edu/osu/cs362/Die" type="java.lang.NoClassDefFoundError">java.lang.NoClassDefFoundError: edu/osu/cs362/Die
	at edu.osu.cs362.Die_ESTest.test02(Die_ESTest.java:47)
</error>
  </testcase>
  <testcase name="test13" classname="edu.osu.cs362.Die_ESTest" time="0">
    <error message="edu/osu/cs362/Die" type="java.lang.NoClassDefFoundError">java.lang.NoClassDefFoundError: edu/osu/cs362/Die
	at edu.osu.cs362.Die_ESTest.test13(Die_ESTest.java:140)
</error>
  </testcase>
  <testcase name="test03" classname="edu.osu.cs362.Die_ESTest" time="0.016">
    <error message="edu/osu/cs362/Die" type="java.lang.NoClassDefFoundError">java.lang.NoClassDefFoundError: edu/osu/cs362/Die
	at edu.osu.cs362.Die_ESTest.test03(Die_ESTest.java:55)
</error>
  </testcase>
  <testcase name="test14" classname="edu.osu.cs362.Die_ESTest" time="0">
    <error message="edu/osu/cs362/Die" type="java.lang.NoClassDefFoundError">java.lang.NoClassDefFoundError: edu/osu/cs362/Die
	at edu.osu.cs362.Die_ESTest.test14(Die_ESTest.java:151)
</error>
  </testcase>
  <testcase name="test04" classname="edu.osu.cs362.Die_ESTest" time="0">
    <error message="edu/osu/cs362/Die" type="java.lang.NoClassDefFoundError">java.lang.NoClassDefFoundError: edu/osu/cs362/Die
	at edu.osu.cs362.Die_ESTest.test04(Die_ESTest.java:64)
</error>
  </testcase>
  <testcase name="test15" classname="edu.osu.cs362.Die_ESTest" time="0.015">
    <error message="edu/osu/cs362/Die" type="java.lang.NoClassDefFoundError">java.lang.NoClassDefFoundError: edu/osu/cs362/Die
	at edu.osu.cs362.Die_ESTest.test15(Die_ESTest.java:165)
</error>
  </testcase>
  <testcase name="test05" classname="edu.osu.cs362.Die_ESTest" time="0">
    <error message="edu/osu/cs362/Die" type="java.lang.NoClassDefFoundError">java.lang.NoClassDefFoundError: edu/osu/cs362/Die
	at edu.osu.cs362.Die_ESTest.test05(Die_ESTest.java:72)
</error>
  </testcase>
  <testcase name="test16" classname="edu.osu.cs362.Die_ESTest" time="0.016">
    <error message="edu/osu/cs362/Die" type="java.lang.NoClassDefFoundError">java.lang.NoClassDefFoundError: edu/osu/cs362/Die
	at edu.osu.cs362.Die_ESTest.test16(Die_ESTest.java:179)
</error>
  </testcase>
  <testcase name="test10" classname="edu.osu.cs362.Die_ESTest" time="0">
    <error message="edu/osu/cs362/Die" type="java.lang.NoClassDefFoundError">java.lang.NoClassDefFoundError: edu/osu/cs362/Die
	at edu.osu.cs362.Die_ESTest.test10(Die_ESTest.java:112)
</error>
  </testcase>
  <testcase name="test00" classname="edu.osu.cs362.Die_ESTest" time="0.016">
    <error message="edu/osu/cs362/Die" type="java.lang.NoClassDefFoundError">java.lang.NoClassDefFoundError: edu/osu/cs362/Die
	at edu.osu.cs362.Die_ESTest.test00(Die_ESTest.java:23)
</error>
  </testcase>
  <testcase name="test11" classname="edu.osu.cs362.Die_ESTest" time="0">
    <error message="edu/osu/cs362/Die" type="java.lang.NoClassDefFoundError">java.lang.NoClassDefFoundError: edu/osu/cs362/Die
	at edu.osu.cs362.Die_ESTest.test11(Die_ESTest.java:120)
</error>
  </testcase>
  <testcase name="test01" classname="edu.osu.cs362.Die_ESTest" time="0.015">
    <error message="edu/osu/cs362/Die" type="java.lang.NoClassDefFoundError">java.lang.NoClassDefFoundError: edu/osu/cs362/Die
	at edu.osu.cs362.Die_ESTest.test01(Die_ESTest.java:33)
</error>
  </testcase>
  <testcase name="test12" classname="edu.osu.cs362.Die_ESTest" time="0">
    <error message="edu/osu/cs362/Die" type="java.lang.NoClassDefFoundError">java.lang.NoClassDefFoundError: edu/osu/cs362/Die
	at edu.osu.cs362.Die_ESTest.test12(Die_ESTest.java:132)
</error>
  </testcase>
</testsuite>