<?xml version="1.0" encoding="UTF-8"?>
<testsuite name="edu.osu.cs362.Die_ESTest" time="0.172" tests="19" errors="19" skipped="0" failures="0">
  <properties>
[...]
</properties>
  <testcase name="test06" classname="edu.osu.cs362.Die_ESTest" time="0.032">
    <error message="edu/osu/cs362/Die" type="java.lang.NoClassDefFoundError">java.lang.NoClassDefFoundError: edu/osu/cs362/Die
	at java.lang.ClassLoader.defineClass1(Native Method)
	at java.lang.ClassLoader.defineClass(ClassLoader.java:763)
	at java.lang.ClassLoader.defineClass(ClassLoader.java:642)
	at org.evosuite.runtime.instrumentation.EvoClassLoader.instrumentClass(EvoClassLoader.java:116)
	at org.evosuite.runtime.instrumentation.EvoClassLoader.loadClass(EvoClassLoader.java:92)
	at edu.osu.cs362.Die_ESTest.test06(Die_ESTest.java:79)
</error>
  </testcase>
  <testcase name="test17" classname="edu.osu.cs362.Die_ESTest" time="0">
    <error message="edu/osu/cs362/Die" type="java.lang.NoClassDefFoundError">java.lang.NoClassDefFoundError: edu/osu/cs362/Die
	at edu.osu.cs362.Die_ESTest.test17(Die_ESTest.java:193)
</error>
  </testcase>
  <testcase name="test07" classname="edu.osu.cs362.Die_ESTest" time="0.015">
    <error message="edu/osu/cs362/Die" type="java.lang.NoClassDefFoundError">java.lang.NoClassDefFoundError: edu/osu/cs362/Die
	at edu.osu.cs362.Die_ESTest.test07(Die_ESTest.java:86)
</error>
  </testcase>
  <testcase name="test18" classname="edu.osu.cs362.Die_ESTest" time="0.016">
    <error message="edu/osu/cs362/Die" type="java.lang.NoClassDefFoundError">java.lang.NoClassDefFoundError: edu/osu/cs362/Die
	at edu.osu.cs362.Die_ESTest.test18(Die_ESTest.java:205)
</error>
  </testcase>
  <testcase name="test08" classname="edu.osu.cs362.Die_ESTest" time="0">
    <error message="edu/osu/cs362/Die" type="java.lang.NoClassDefFoundError">java.lang.NoClassDefFoundError: edu/osu/cs362/Die
	at edu.osu.cs362.Die_ESTest.test08(Die_ESTest.java:93)
</error>
  </testcase>
  <testcase name="test09" classname="edu.osu.cs362.Die_ESTest" time="0.016">
    <error message="edu/osu/cs362/Die" type="java.lang.NoClassDefFoundError">java.lang.NoClassDefFoundError: edu/osu/cs362/Die
	at edu.osu.cs362.Die_ESTest.test09(Die_ESTest.java:102)
</error>
  </testcase>
  <testcase name="test02" classname="edu.osu.cs362.Die_ESTest" time="0.015">
    <error message="edu/osu/cs362/Die" type="java.lang.NoClassDefFoundError">java.lang.NoClassDefFoundError: edu/osu/cs362/Die
	at edu.osu.cs362.Die_ESTest.test02(Die_ESTest.java:47)
</error>
  </testcase>
  <testcase name="test13" classname="edu.osu.cs362.Die_ESTest" time="0">
    <error message="edu/osu/cs362/Die" type="java.lang.NoClassDefFoundError">java.lang.NoClassDefFoundError: edu/osu/cs362/Die
	at edu.osu.cs362.Die_ESTest.test13(Die_ESTest.java:140)
</error>
  </testcase>
  <testcase name="test03" classname="edu.osu.cs362.Die_ESTest" time="0.016">
    <error message="edu/osu/cs362/Die" type="java.lang.NoClassDefFoundError">java.lang.NoClassDefFoundError: edu/osu/cs362/Die
	at edu.osu.cs362.Die_ESTest.test03(Die_ESTest.java:55)
</error>
  </testcase>
  <testcase name="test14" classname="edu.osu.cs362.Die_ESTest" time="0">
    <error message="edu/osu/cs362/Die" type="java.lang.NoClassDefFoundError">java.lang.NoClassDefFoundError: edu/osu/cs362/Die
	at edu.osu.cs362.Die_ESTest.test14(Die_ESTest.java:151)
</error>
  </testcase>
  <testcase name="test04" classname="edu.osu.cs362.Die_ESTest" time="0">
    <error message="edu/osu/cs362/Die" type="java.lang.NoClassDefFoundError">java.lang.NoClassDefFoundError: edu/osu/cs362/Die
	at edu.osu.cs362.Die_ESTest.test04(Die_ESTest.java:64)
</error>
  </testcase>
  <testcase name="test15" classname="edu.osu.cs362.Die_ESTest" time="0.015">
    <error message="edu/osu/cs362/Die" type="java.lang.NoClassDefFoundError">java.lang.NoClassDefFoundError: edu/osu/cs362/Die
	at edu.osu.cs362.Die_ESTest.test15(Die_ESTest.java:165)
</error>
  </testcase>
  <testcase name="test05" classname="edu.osu.cs362.Die_ESTest" time="0">
    <error message="edu/osu/cs362/Die" type="java.lang.NoClassDefFoundError">java.lang.NoClassDefFoundError: edu/osu/cs362/Die
	at edu.osu.cs362.Die_ESTest.test05(Die_ESTest.java:72)
</error>
  </testcase>
  <testcase name="test16" classname="edu.osu.cs362.Die_ESTest" time="0.016">
    <error message="edu/osu/cs362/Die" type="java.lang.NoClassDefFoundError">java.lang.NoClassDefFoundError: edu/osu/cs362/Die
	at edu.osu.cs362.Die_ESTest.test16(Die_ESTest.java:179)
</error>
  </testcase>
  <testcase name="test10" classname="edu.osu.cs362.Die_ESTest" time="0">
    <error message="edu/osu/cs362/Die" type="java.lang.NoClassDefFoundError">java.lang.NoClassDefFoundError: edu/osu/cs362/Die
	at edu.osu.cs362.Die_ESTest.test10(Die_ESTest.java:112)
</error>
  </testcase>
  <testcase name="test00" classname="edu.osu.cs362.Die_ESTest" time="0.016">
    <error message="edu/osu/cs362/Die" type="java.lang.NoClassDefFoundError">java.lang.NoClassDefFoundError: edu/osu/cs362/Die
	at edu.osu.cs362.Die_ESTest.test00(Die_ESTest.java:23)
</error>
  </testcase>
  <testcase name="test11" classname="edu.osu.cs362.Die_ESTest" time="0">
    <error message="edu/osu/cs362/Die" type="java.lang.NoClassDefFoundError">java.lang.NoClassDefFoundError: edu/osu/cs362/Die
	at edu.osu.cs362.Die_ESTest.test11(Die_ESTest.java:120)
</error>
  </testcase>
  <testcase name="test01" classname="edu.osu.cs362.Die_ESTest" time="0.015">
    <error message="edu/osu/cs362/Die" type="java.lang.NoClassDefFoundError">java.lang.NoClassDefFoundError: edu/osu/cs362/Die
	at edu.osu.cs362.Die_ESTest.test01(Die_ESTest.java:33)
</error>
  </testcase>
  <testcase name="test12" classname="edu.osu.cs362.Die_ESTest" time="0">
    <error message="edu/osu/cs362/Die" type="java.lang.NoClassDefFoundError">java.lang.NoClassDefFoundError: edu/osu/cs362/Die
	at edu.osu.cs362.Die_ESTest.test12(Die_ESTest.java:132)
</error>
  </testcase>
</testsuite>